<?xml version="1.0" encoding="UTF-8"?>
<!-- Generated by org.testng.reporters.JUnitReportReporter -->
<testsuite hostname="HomePc" name="practice.JSONforpostrequestmocking_coplexJson" tests="1" failures="0" timestamp="8 Feb 2024 12:36:02 GMT" time="6.528" errors="0">
  <testcase name="coplexjson_mock" time="6.528" classname="practice.JSONforpostrequestmocking_coplexJson"/>
</testsuite> <!-- practice.JSONforpostrequestmocking_coplexJson -->
