<?xml version="1.0" encoding="UTF-8"?>
<!-- Generated by org.testng.reporters.JUnitReportReporter -->
<testsuite hostname="HomePc" name="practice.Get_Responce_1" tests="1" failures="0" timestamp="5 Feb 2024 05:12:29 GMT" time="4.728" errors="0">
  <testcase name="GetUserDetails" time="4.728" classname="practice.Get_Responce_1"/>
</testsuite> <!-- practice.Get_Responce_1 -->
