<?xml version="1.0" encoding="UTF-8"?>
<!-- Generated by org.testng.reporters.JUnitReportReporter -->
<testsuite hostname="HomePc" name="practice.Get_Responce_for_single_user" tests="1" failures="0" timestamp="29 Jan 2024 08:15:23 GMT" time="4.519" errors="0">
  <testcase name="Get_responceForSingleUser" time="4.519" classname="practice.Get_Responce_for_single_user"/>
</testsuite> <!-- practice.Get_Responce_for_single_user -->
