<?xml version="1.0" encoding="UTF-8"?>
<!-- Generated by org.testng.reporters.JUnitReportReporter -->
<testsuite hostname="HomePc" name="practice.ReqResSpcBuilder" tests="2" failures="0" timestamp="8 Feb 2024 04:46:13 GMT" time="14.747" errors="0">
  <testcase name="getuserdetails" time="2.112" classname="practice.ReqResSpcBuilder"/>
  <testcase name="createUser" time="12.635" classname="practice.ReqResSpcBuilder"/>
</testsuite> <!-- practice.ReqResSpcBuilder -->
