<?xml version="1.0" encoding="UTF-8"?>
<!-- Generated by org.testng.reporters.JUnitReportReporter -->
<testsuite hostname="HomePc" name="practice.jsonclass" tests="1" failures="0" timestamp="17 Feb 2024 04:35:22 GMT" time="0.777" errors="0">
  <testcase name="jsonclass_program" time="0.777" classname="practice.jsonclass"/>
</testsuite> <!-- practice.jsonclass -->
