<?xml version="1.0" encoding="UTF-8"?>
<!-- Generated by org.testng.reporters.JUnitReportReporter -->
<testsuite hostname="HomePc" name="practice.ReqResSpcBuilder_callingBodyFromanotherClass" tests="2" failures="0" timestamp="17 Feb 2024 04:58:26 GMT" time="7.750" errors="0">
  <testcase name="getuserdetails" time="1.842" classname="practice.ReqResSpcBuilder_callingBodyFromanotherClass"/>
  <testcase name="createUser" time="5.908" classname="practice.ReqResSpcBuilder_callingBodyFromanotherClass"/>
</testsuite> <!-- practice.ReqResSpcBuilder_callingBodyFromanotherClass -->
