<?xml version="1.0" encoding="UTF-8"?>
<!-- Generated by org.testng.reporters.JUnitReportReporter -->
<testsuite hostname="HomePc" name="practice.deleteWorkspace" tests="1" failures="0" timestamp="29 Jan 2024 13:05:40 GMT" time="5.470" errors="0">
  <testcase name="DeleteWorkSpace" time="5.470" classname="practice.deleteWorkspace"/>
</testsuite> <!-- practice.deleteWorkspace -->
