<?xml version="1.0" encoding="UTF-8"?>
<!-- Generated by org.testng.reporters.JUnitReportReporter -->
<testsuite hostname="HomePc" name="practice.Header_Method" tests="1" failures="0" timestamp="6 Feb 2024 09:10:23 GMT" time="9.445" errors="0">
  <testcase name="Header_method" time="9.445" classname="practice.Header_Method"/>
</testsuite> <!-- practice.Header_Method -->
