<?xml version="1.0" encoding="UTF-8"?>
<!-- Generated by org.testng.reporters.JUnitReportReporter -->
<testsuite hostname="HomePc" name="practice.Sending_JsonInTermsOfObject" tests="1" failures="0" timestamp="8 Feb 2024 05:36:17 GMT" time="7.421" errors="0">
  <testcase name="createUser" time="7.421" classname="practice.Sending_JsonInTermsOfObject"/>
</testsuite> <!-- practice.Sending_JsonInTermsOfObject -->
