<?xml version="1.0" encoding="UTF-8"?>
<!-- Generated by org.testng.reporters.JUnitReportReporter -->
<testsuite hostname="HomePc" name="practice.createworkspace" tests="1" failures="0" timestamp="1 Feb 2024 16:39:59 GMT" time="9.400" errors="0">
  <testcase name="Create_workspace" time="9.400" classname="practice.createworkspace"/>
</testsuite> <!-- practice.createworkspace -->
