<?xml version="1.0" encoding="UTF-8"?>
<!-- Generated by org.testng.reporters.JUnitReportReporter -->
<testsuite hostname="HomePc" name="practice.API_chaining" tests="2" failures="0" timestamp="17 Feb 2024 04:45:51 GMT" time="9.190" errors="0">
  <testcase name="ApiChaning" time="7.371" classname="practice.API_chaining"/>
  <testcase name="getworkspaceDetail" time="1.819" classname="practice.API_chaining"/>
</testsuite> <!-- practice.API_chaining -->
