<?xml version="1.0" encoding="UTF-8"?>
<!-- Generated by org.testng.reporters.JUnitReportReporter -->
<testsuite hostname="HomePc" name="practice.assert_API" tests="1" failures="0" timestamp="6 Feb 2024 10:17:02 GMT" time="5.659" errors="0">
  <testcase name="assert_pro" time="5.659" classname="practice.assert_API"/>
</testsuite> <!-- practice.assert_API -->
