<?xml version="1.0" encoding="UTF-8"?>
<!-- Generated by org.testng.reporters.JUnitReportReporter -->
<testsuite hostname="HomePc" name="practice.MockServer" tests="1" failures="0" timestamp="8 Feb 2024 12:16:40 GMT" time="9.501" errors="0">
  <testcase name="MockServer_pro" time="9.501" classname="practice.MockServer"/>
</testsuite> <!-- practice.MockServer -->
