<?xml version="1.0" encoding="UTF-8"?>
<!-- Generated by org.testng.reporters.JUnitReportReporter -->
<testsuite hostname="HomePc" name="practice.create_workspace" tests="1" failures="0" timestamp="1 Feb 2024 17:01:00 GMT" time="6.972" errors="0">
  <testcase name="createWorkspace" time="6.972" classname="practice.create_workspace"/>
</testsuite> <!-- practice.create_workspace -->
