<?xml version="1.0" encoding="UTF-8"?>
<!-- Generated by org.testng.reporters.JUnitReportReporter -->
<testsuite hostname="HomePc" name="practice.FileUploadByusingRestassured" tests="1" failures="0" timestamp="8 Feb 2024 13:07:28 GMT" time="6.573" errors="0">
  <testcase name="FileUpload" time="6.573" classname="practice.FileUploadByusingRestassured"/>
</testsuite> <!-- practice.FileUploadByusingRestassured -->
