<?xml version="1.0" encoding="UTF-8"?>
<!-- Generated by org.testng.reporters.JUnitReportReporter -->
<testsuite hostname="HomePc" name="com.MyFrame.utilities.reporting" tests="1" failures="0" timestamp="19 Feb 2024 13:43:58 GMT" time="26.251" errors="0">
  <testcase name="extentReportsDemo" time="26.251" classname="com.MyFrame.utilities.reporting"/>
</testsuite> <!-- com.MyFrame.utilities.reporting -->
